{"numTotalTestSuites":33,"numPassedTestSuites":20,"numFailedTestSuites":13,"numPendingTestSuites":0,"numTotalTests":194,"numPassedTests":166,"numFailedTests":28,"numPendingTests":0,"numTodoTests":0,"snapshot":{"added":0,"failure":false,"filesAdded":0,"filesRemoved":0,"filesRemovedList":[],"filesUnmatched":0,"filesUpdated":0,"matched":0,"total":0,"unchecked":0,"uncheckedKeysByFile":[],"unmatched":0,"updated":0,"didUpdate":false},"startTime":1781324467705,"success":false,"testResults":[{"assertionResults":[{"ancestorTitles":["HTTP client base utilities"],"fullName":"HTTP client base utilities getApiBase returns /api","status":"passed","title":"getApiBase returns /api","duration":1.5511000000001332,"failureMessages":[],"meta":{}},{"ancestorTitles":["HTTP request functions (with fetch mock)"],"fullName":"HTTP request functions (with fetch mock) get sends GET request and parses API envelope","status":"passed","title":"get sends GET request and parses API envelope","duration":10.89910000000009,"failureMessages":[],"meta":{}},{"ancestorTitles":["HTTP request functions (with fetch mock)"],"fullName":"HTTP request functions (with fetch mock) post sends POST request with body","status":"passed","title":"post sends POST request with body","duration":1.1959999999999127,"failureMessages":[],"meta":{}},{"ancestorTitles":["HTTP request functions (with fetch mock)"],"fullName":"HTTP request functions (with fetch mock) put sends PUT request","status":"passed","title":"put sends PUT request","duration":0.8135999999999513,"failureMessages":[],"meta":{}},{"ancestorTitles":["HTTP request functions (with fetch mock)"],"fullName":"HTTP request functions (with fetch mock) patch sends PATCH request","status":"passed","title":"patch sends PATCH request","duration":0.7930999999998676,"failureMessages":[],"meta":{}},{"ancestorTitles":["HTTP request functions (with fetch mock)"],"fullName":"HTTP request functions (with fetch mock) del sends DELETE request","status":"failed","title":"del sends DELETE request","duration":5.190300000000207,"failureMessages":["TypeError: __vite_ssr_import_1__.del is not a function\n    at C:\\Users\\zyw41\\Downloads\\garlic-claw\\endtest\\web-api.spec.ts:96:11\n    at file:///C:/Users/zyw41/Downloads/garlic-claw/node_modules/@vitest/runner/dist/index.js:146:14\n    at file:///C:/Users/zyw41/Downloads/garlic-claw/node_modules/@vitest/runner/dist/index.js:533:11\n    at runWithTimeout (file:///C:/Users/zyw41/Downloads/garlic-claw/node_modules/@vitest/runner/dist/index.js:39:7)\n    at runTest (file:///C:/Users/zyw41/Downloads/garlic-claw/node_modules/@vitest/runner/dist/index.js:1056:17)\n    at processTicksAndRejections (node:internal/process/task_queues:103:5)\n    at runSuite (file:///C:/Users/zyw41/Downloads/garlic-claw/node_modules/@vitest/runner/dist/index.js:1205:15)\n    at runSuite (file:///C:/Users/zyw41/Downloads/garlic-claw/node_modules/@vitest/runner/dist/index.js:1205:15)\n    at runFiles (file:///C:/Users/zyw41/Downloads/garlic-claw/node_modules/@vitest/runner/dist/index.js:1262:5)\n    at startTests (file:///C:/Users/zyw41/Downloads/garlic-claw/node_modules/@vitest/runner/dist/index.js:1271:3)"],"meta":{}},{"ancestorTitles":["HTTP request functions (with fetch mock)"],"fullName":"HTTP request functions (with fetch mock) throws AppError for non-ok response with API envelope","status":"passed","title":"throws AppError for non-ok response with API envelope","duration":3.1849999999999454,"failureMessages":[],"meta":{}},{"ancestorTitles":["HTTP request functions (with fetch mock)"],"fullName":"HTTP request functions (with fetch mock) handles 401 response by redirecting to login","status":"passed","title":"handles 401 response by redirecting to login","duration":12.120899999999892,"failureMessages":[],"meta":{}},{"ancestorTitles":["HTTP request functions (with fetch mock)"],"fullName":"HTTP request functions (with fetch mock) supports request interceptors","status":"failed","title":"supports request interceptors","duration":5.91399999999976,"failureMessages":["AssertionError: expected \"spy\" to be called with arguments: [ '/api/test', ObjectContaining{鈥 ]\u001b[90m\n\nReceived: \n\n\u001b[1m  1st spy call:\n\n\u001b[22m\u001b[2m  Array [\u001b[22m\n\u001b[2m    \"/api/test\",\u001b[22m\n\u001b[32m-   ObjectContaining {\u001b[90m\n\u001b[32m-     \"headers\": ObjectContaining {\u001b[90m\n\u001b[32m-       \"X-Custom\": \"value\",\u001b[90m\n\u001b[32m-     },\u001b[90m\n\u001b[31m+   Object {\u001b[90m\n\u001b[31m+     \"body\": undefined,\u001b[90m\n\u001b[31m+     \"headers\": Headers {},\u001b[90m\n\u001b[31m+     \"method\": \"GET\",\u001b[90m\n\u001b[31m+     \"signal\": AbortSignal {},\u001b[90m\n\u001b[2m    },\u001b[22m\n\u001b[2m  ]\u001b[22m\n\u001b[39m\u001b[90m\n\nNumber of calls: \u001b[1m1\u001b[22m\n\u001b[39m\n    at Proxy.<anonymous> (file:///C:/Users/zyw41/Downloads/garlic-claw/node_modules/@vitest/expect/dist/index.js:1465:13)\n    at Proxy.<anonymous> (file:///C:/Users/zyw41/Downloads/garlic-claw/node_modules/@vitest/expect/dist/index.js:972:17)\n    at Proxy.methodWrapper (file:///C:/Users/zyw41/Downloads/garlic-claw/node_modules/chai/index.js:1686:25)\n    at C:\\Users\\zyw41\\Downloads\\garlic-claw\\endtest\\web-api.spec.ts:146:19\n    at processTicksAndRejections (node:internal/process/task_queues:103:5)\n    at file:///C:/Users/zyw41/Downloads/garlic-claw/node_modules/@vitest/runner/dist/index.js:533:5\n    at runTest (file:///C:/Users/zyw41/Downloads/garlic-claw/node_modules/@vitest/runner/dist/index.js:1056:11)\n    at runSuite (file:///C:/Users/zyw41/Downloads/garlic-claw/node_modules/@vitest/runner/dist/index.js:1205:15)\n    at runSuite (file:///C:/Users/zyw41/Downloads/garlic-claw/node_modules/@vitest/runner/dist/index.js:1205:15)\n    at runFiles (file:///C:/Users/zyw41/Downloads/garlic-claw/node_modules/@vitest/runner/dist/index.js:1262:5)"],"meta":{}},{"ancestorTitles":["HTTP request functions (with fetch mock)"],"fullName":"HTTP request functions (with fetch mock) supports request error listeners","status":"passed","title":"supports request error listeners","duration":3.399399999999787,"failureMessages":[],"meta":{}},{"ancestorTitles":["HTTP request functions (with fetch mock)"],"fullName":"HTTP request functions (with fetch mock) handles timeout errors","status":"failed","title":"handles timeout errors","duration":5007.3149,"failureMessages":["Error: Test timed out in 5000ms.\nIf this is a long-running test, pass a timeout value as the last argument or configure it globally with \"testTimeout\".\n    at Timeout.<anonymous> (file:///C:/Users/zyw41/Downloads/garlic-claw/node_modules/@vitest/runner/dist/index.js:44:18)\n    at listOnTimeout (node:internal/timers:605:17)\n    at processTimers (node:internal/timers:541:7)"],"meta":{}},{"ancestorTitles":["HTTP request functions (with fetch mock)"],"fullName":"HTTP request functions (with fetch mock) skipEnvelope returns raw response body","status":"passed","title":"skipEnvelope returns raw response body","duration":2.175999999999476,"failureMessages":[],"meta":{}},{"ancestorTitles":["HTTP request functions (with fetch mock)"],"fullName":"HTTP request functions (with fetch mock) 204 status returns undefined without envelope parsing","status":"passed","title":"204 status returns undefined without envelope parsing","duration":1.198699999999917,"failureMessages":[],"meta":{}},{"ancestorTitles":["HTTP request functions (with fetch mock)"],"fullName":"HTTP request functions (with fetch mock) absolute URLs do not prepend /api","status":"passed","title":"absolute URLs do not prepend /api","duration":1.1685999999999694,"failureMessages":[],"meta":{}},{"ancestorTitles":["HTTP request functions (with fetch mock)"],"fullName":"HTTP request functions (with fetch mock) throws AppError for non-JSON error response","status":"passed","title":"throws AppError for non-JSON error response","duration":0.940799999999399,"failureMessages":[],"meta":{}}],"startTime":1781324470448,"endTime":1781324475506.941,"status":"failed","message":"","name":"C:/Users/zyw41/Downloads/garlic-claw/endtest/web-api.spec.ts"},{"assertionResults":[{"ancestorTitles":["useAsyncState"],"fullName":"useAsyncState initializes with loading=false and no error","status":"passed","title":"initializes with loading=false and no error","duration":1.6841000000003987,"failureMessages":[],"meta":{}},{"ancestorTitles":["useAsyncState"],"fullName":"useAsyncState initializes with loading=true","status":"passed","title":"initializes with loading=true","duration":0.18289999999979045,"failureMessages":[],"meta":{}},{"ancestorTitles":["useAsyncState"],"fullName":"useAsyncState clearError resets error state","status":"passed","title":"clearError resets error state","duration":0.8177000000000589,"failureMessages":[],"meta":{}},{"ancestorTitles":["useAsyncState"],"fullName":"useAsyncState setError normalizes string errors","status":"passed","title":"setError normalizes string errors","duration":0.22310000000015862,"failureMessages":[],"meta":{}},{"ancestorTitles":["useAsyncState"],"fullName":"useAsyncState setError uses fallback for unknown errors","status":"passed","title":"setError uses fallback for unknown errors","duration":0.14329999999972642,"failureMessages":[],"meta":{}},{"ancestorTitles":["useAsyncState"],"fullName":"useAsyncState setError normalizes http-like errors","status":"passed","title":"setError normalizes http-like errors","duration":0.502100000000155,"failureMessages":[],"meta":{}},{"ancestorTitles":["usePagination"],"fullName":"usePagination paginates items correctly","status":"passed","title":"paginates items correctly","duration":1.9517000000000735,"failureMessages":[],"meta":{}},{"ancestorTitles":["usePagination"],"fullName":"usePagination supports page navigation","status":"passed","title":"supports page navigation","duration":1.1518000000000939,"failureMessages":[],"meta":{}},{"ancestorTitles":["usePagination"],"fullName":"usePagination rangeStart and rangeEnd are correct","status":"passed","title":"rangeStart and rangeEnd are correct","duration":0.43460000000004584,"failureMessages":[],"meta":{}},{"ancestorTitles":["usePagination"],"fullName":"usePagination returns 0 range for empty list","status":"passed","title":"returns 0 range for empty list","duration":0.21149999999988722,"failureMessages":[],"meta":{}},{"ancestorTitles":["usePagination"],"fullName":"usePagination resetPage returns to first page","status":"passed","title":"resetPage returns to first page","duration":0.19329999999990832,"failureMessages":[],"meta":{}},{"ancestorTitles":["usePagination"],"fullName":"usePagination adjusts page when pageCount decreases","status":"failed","title":"adjusts page when pageCount decreases","duration":11.959899999999834,"failureMessages":["AssertionError: expected 3 to be 1 // Object.is equality\n    at C:\\Users\\zyw41\\Downloads\\garlic-claw\\endtest\\web-composables.spec.ts:120:35\n    at file:///C:/Users/zyw41/Downloads/garlic-claw/node_modules/@vitest/runner/dist/index.js:146:14\n    at file:///C:/Users/zyw41/Downloads/garlic-claw/node_modules/@vitest/runner/dist/index.js:533:11\n    at runWithTimeout (file:///C:/Users/zyw41/Downloads/garlic-claw/node_modules/@vitest/runner/dist/index.js:39:7)\n    at runTest (file:///C:/Users/zyw41/Downloads/garlic-claw/node_modules/@vitest/runner/dist/index.js:1056:17)\n    at processTicksAndRejections (node:internal/process/task_queues:103:5)\n    at runSuite (file:///C:/Users/zyw41/Downloads/garlic-claw/node_modules/@vitest/runner/dist/index.js:1205:15)\n    at runSuite (file:///C:/Users/zyw41/Downloads/garlic-claw/node_modules/@vitest/runner/dist/index.js:1205:15)\n    at runFiles (file:///C:/Users/zyw41/Downloads/garlic-claw/node_modules/@vitest/runner/dist/index.js:1262:5)\n    at startTests (file:///C:/Users/zyw41/Downloads/garlic-claw/node_modules/@vitest/runner/dist/index.js:1271:3)"],"meta":{}},{"ancestorTitles":["usePagination"],"fullName":"usePagination works with computed ref","status":"passed","title":"works with computed ref","duration":0.6718999999998232,"failureMessages":[],"meta":{}},{"ancestorTitles":["usePagination"],"fullName":"usePagination single page has no navigation","status":"passed","title":"single page has no navigation","duration":0.20080000000007203,"failureMessages":[],"meta":{}},{"ancestorTitles":["usePagination"],"fullName":"usePagination does not go past last page","status":"passed","title":"does not go past last page","duration":0.16520000000036816,"failureMessages":[],"meta":{}},{"ancestorTitles":["usePagination"],"fullName":"usePagination does not go below first page","status":"passed","title":"does not go below first page","duration":0.20780000000013388,"failureMessages":[],"meta":{}},{"ancestorTitles":["useFormEditor"],"fullName":"useFormEditor initializes with given values","status":"passed","title":"initializes with given values","duration":1.3094999999998436,"failureMessages":[],"meta":{}},{"ancestorTitles":["useFormEditor"],"fullName":"useFormEditor setField updates a single field","status":"passed","title":"setField updates a single field","duration":0.3103000000000975,"failureMessages":[],"meta":{}},{"ancestorTitles":["useFormEditor"],"fullName":"useFormEditor setValues updates multiple fields","status":"passed","title":"setValues updates multiple fields","duration":0.22460000000000946,"failureMessages":[],"meta":{}},{"ancestorTitles":["useFormEditor"],"fullName":"useFormEditor reset reverts to initial values","status":"failed","title":"reset reverts to initial values","duration":1.7213999999999032,"failureMessages":["DataCloneError: #<Object> could not be cloned.\n    at new DOMException (node:internal/per_context/domexception:76:18)\n    at structuredClone (node:internal/worker/js_transferable:126:26)\n    at cloneValues (C:\\Users\\zyw41\\Downloads\\garlic-claw\\packages\\web\\src\\shared\\composables\\use-form-editor.ts:131:12)\n    at Object.reset (C:\\Users\\zyw41\\Downloads\\garlic-claw\\packages\\web\\src\\shared\\composables\\use-form-editor.ts:56:20)\n    at C:\\Users\\zyw41\\Downloads\\garlic-claw\\endtest\\web-composables.spec.ts:190:12\n    at file:///C:/Users/zyw41/Downloads/garlic-claw/node_modules/@vitest/runner/dist/index.js:146:14\n    at file:///C:/Users/zyw41/Downloads/garlic-claw/node_modules/@vitest/runner/dist/index.js:533:11\n    at runWithTimeout (file:///C:/Users/zyw41/Downloads/garlic-claw/node_modules/@vitest/runner/dist/index.js:39:7)\n    at runTest (file:///C:/Users/zyw41/Downloads/garlic-claw/node_modules/@vitest/runner/dist/index.js:1056:17)\n    at processTicksAndRejections (node:internal/process/task_queues:103:5)"],"meta":{}},{"ancestorTitles":["useFormEditor"],"fullName":"useFormEditor reset with new initial values","status":"failed","title":"reset with new initial values","duration":1.1646999999998116,"failureMessages":["DataCloneError: #<Object> could not be cloned.\n    at new DOMException (node:internal/per_context/domexception:76:18)\n    at structuredClone (node:internal/worker/js_transferable:126:26)\n    at cloneValues (C:\\Users\\zyw41\\Downloads\\garlic-claw\\packages\\web\\src\\shared\\composables\\use-form-editor.ts:131:12)\n    at Object.reset (C:\\Users\\zyw41\\Downloads\\garlic-claw\\packages\\web\\src\\shared\\composables\\use-form-editor.ts:56:20)\n    at C:\\Users\\zyw41\\Downloads\\garlic-claw\\endtest\\web-composables.spec.ts:199:12\n    at file:///C:/Users/zyw41/Downloads/garlic-claw/node_modules/@vitest/runner/dist/index.js:146:14\n    at file:///C:/Users/zyw41/Downloads/garlic-claw/node_modules/@vitest/runner/dist/index.js:533:11\n    at runWithTimeout (file:///C:/Users/zyw41/Downloads/garlic-claw/node_modules/@vitest/runner/dist/index.js:39:7)\n    at runTest (file:///C:/Users/zyw41/Downloads/garlic-claw/node_modules/@vitest/runner/dist/index.js:1056:17)\n    at processTicksAndRejections (node:internal/process/task_queues:103:5)"],"meta":{}},{"ancestorTitles":["useFormEditor"],"fullName":"useFormEditor clearErrors resets errors","status":"passed","title":"clearErrors resets errors","duration":0.8523000000000138,"failureMessages":[],"meta":{}},{"ancestorTitles":["useFormEditor"],"fullName":"useFormEditor runValidation returns true when valid","status":"failed","title":"runValidation returns true when valid","duration":1.0106999999998152,"failureMessages":["DataCloneError: #<Object> could not be cloned.\n    at new DOMException (node:internal/per_context/domexception:76:18)\n    at structuredClone (node:internal/worker/js_transferable:126:26)\n    at cloneValues (C:\\Users\\zyw41\\Downloads\\garlic-claw\\packages\\web\\src\\shared\\composables\\use-form-editor.ts:131:12)\n    at Object.runValidation (C:\\Users\\zyw41\\Downloads\\garlic-claw\\packages\\web\\src\\shared\\composables\\use-form-editor.ts:66:43)\n    at C:\\Users\\zyw41\\Downloads\\garlic-claw\\endtest\\web-composables.spec.ts:221:25\n    at file:///C:/Users/zyw41/Downloads/garlic-claw/node_modules/@vitest/runner/dist/index.js:146:14\n    at file:///C:/Users/zyw41/Downloads/garlic-claw/node_modules/@vitest/runner/dist/index.js:533:11\n    at runWithTimeout (file:///C:/Users/zyw41/Downloads/garlic-claw/node_modules/@vitest/runner/dist/index.js:39:7)\n    at runTest (file:///C:/Users/zyw41/Downloads/garlic-claw/node_modules/@vitest/runner/dist/index.js:1056:17)\n    at processTicksAndRejections (node:internal/process/task_queues:103:5)"],"meta":{}},{"ancestorTitles":["useFormEditor"],"fullName":"useFormEditor runValidation returns false and sets errors when invalid","status":"failed","title":"runValidation returns false and sets errors when invalid","duration":0.7262000000000626,"failureMessages":["DataCloneError: #<Object> could not be cloned.\n    at new DOMException (node:internal/per_context/domexception:76:18)\n    at structuredClone (node:internal/worker/js_transferable:126:26)\n    at cloneValues (C:\\Users\\zyw41\\Downloads\\garlic-claw\\packages\\web\\src\\shared\\composables\\use-form-editor.ts:131:12)\n    at Object.runValidation (C:\\Users\\zyw41\\Downloads\\garlic-claw\\packages\\web\\src\\shared\\composables\\use-form-editor.ts:66:43)\n    at C:\\Users\\zyw41\\Downloads\\garlic-claw\\endtest\\web-composables.spec.ts:230:25\n    at file:///C:/Users/zyw41/Downloads/garlic-claw/node_modules/@vitest/runner/dist/index.js:146:14\n    at file:///C:/Users/zyw41/Downloads/garlic-claw/node_modules/@vitest/runner/dist/index.js:533:11\n    at runWithTimeout (file:///C:/Users/zyw41/Downloads/garlic-claw/node_modules/@vitest/runner/dist/index.js:39:7)\n    at runTest (file:///C:/Users/zyw41/Downloads/garlic-claw/node_modules/@vitest/runner/dist/index.js:1056:17)\n    at processTicksAndRejections (node:internal/process/task_queues:103:5)"],"meta":{}},{"ancestorTitles":["useFormEditor"],"fullName":"useFormEditor runValidation clears old errors on success","status":"failed","title":"runValidation clears old errors on success","duration":0.6914000000001579,"failureMessages":["DataCloneError: #<Object> could not be cloned.\n    at new DOMException (node:internal/per_context/domexception:76:18)\n    at structuredClone (node:internal/worker/js_transferable:126:26)\n    at cloneValues (C:\\Users\\zyw41\\Downloads\\garlic-claw\\packages\\web\\src\\shared\\composables\\use-form-editor.ts:131:12)\n    at Object.runValidation (C:\\Users\\zyw41\\Downloads\\garlic-claw\\packages\\web\\src\\shared\\composables\\use-form-editor.ts:66:43)\n    at C:\\Users\\zyw41\\Downloads\\garlic-claw\\endtest\\web-composables.spec.ts:241:18\n    at file:///C:/Users/zyw41/Downloads/garlic-claw/node_modules/@vitest/runner/dist/index.js:146:14\n    at file:///C:/Users/zyw41/Downloads/garlic-claw/node_modules/@vitest/runner/dist/index.js:533:11\n    at runWithTimeout (file:///C:/Users/zyw41/Downloads/garlic-claw/node_modules/@vitest/runner/dist/index.js:39:7)\n    at runTest (file:///C:/Users/zyw41/Downloads/garlic-claw/node_modules/@vitest/runner/dist/index.js:1056:17)\n    at processTicksAndRejections (node:internal/process/task_queues:103:5)"],"meta":{}},{"ancestorTitles":["useFormEditor"],"fullName":"useFormEditor submit stops if validation fails","status":"failed","title":"submit stops if validation fails","duration":0.44399999999996,"failureMessages":["DataCloneError: #<Object> could not be cloned.\n    at new DOMException (node:internal/per_context/domexception:76:18)\n    at structuredClone (node:internal/worker/js_transferable:126:26)\n    at cloneValues (C:\\Users\\zyw41\\Downloads\\garlic-claw\\packages\\web\\src\\shared\\composables\\use-form-editor.ts:131:12)\n    at runValidation (C:\\Users\\zyw41\\Downloads\\garlic-claw\\packages\\web\\src\\shared\\composables\\use-form-editor.ts:66:43)\n    at Object.submit (C:\\Users\\zyw41\\Downloads\\garlic-claw\\packages\\web\\src\\shared\\composables\\use-form-editor.ts:77:25)\n    at C:\\Users\\zyw41\\Downloads\\garlic-claw\\endtest\\web-composables.spec.ts:252:33\n    at file:///C:/Users/zyw41/Downloads/garlic-claw/node_modules/@vitest/runner/dist/index.js:146:14\n    at file:///C:/Users/zyw41/Downloads/garlic-claw/node_modules/@vitest/runner/dist/index.js:533:11\n    at runWithTimeout (file:///C:/Users/zyw41/Downloads/garlic-claw/node_modules/@vitest/runner/dist/index.js:39:7)\n    at runTest (file:///C:/Users/zyw41/Downloads/garlic-claw/node_modules/@vitest/runner/dist/index.js:1056:17)"],"meta":{}},{"ancestorTitles":["useFormEditor"],"fullName":"useFormEditor submit calls onSubmit when valid","status":"failed","title":"submit calls onSubmit when valid","duration":0.4443999999998596,"failureMessages":["DataCloneError: #<Object> could not be cloned.\n    at new DOMException (node:internal/per_context/domexception:76:18)\n    at structuredClone (node:internal/worker/js_transferable:126:26)\n    at cloneValues (C:\\Users\\zyw41\\Downloads\\garlic-claw\\packages\\web\\src\\shared\\composables\\use-form-editor.ts:131:12)\n    at runValidation (C:\\Users\\zyw41\\Downloads\\garlic-claw\\packages\\web\\src\\shared\\composables\\use-form-editor.ts:66:43)\n    at Object.submit (C:\\Users\\zyw41\\Downloads\\garlic-claw\\packages\\web\\src\\shared\\composables\\use-form-editor.ts:77:25)\n    at C:\\Users\\zyw41\\Downloads\\garlic-claw\\endtest\\web-composables.spec.ts:264:33\n    at file:///C:/Users/zyw41/Downloads/garlic-claw/node_modules/@vitest/runner/dist/index.js:146:14\n    at file:///C:/Users/zyw41/Downloads/garlic-claw/node_modules/@vitest/runner/dist/index.js:533:11\n    at runWithTimeout (file:///C:/Users/zyw41/Downloads/garlic-claw/node_modules/@vitest/runner/dist/index.js:39:7)\n    at runTest (file:///C:/Users/zyw41/Downloads/garlic-claw/node_modules/@vitest/runner/dist/index.js:1056:17)"],"meta":{}},{"ancestorTitles":["useFormEditor"],"fullName":"useFormEditor submit sets _form error if onSubmit throws","status":"failed","title":"submit sets _form error if onSubmit throws","duration":0.5225999999997839,"failureMessages":["DataCloneError: #<Object> could not be cloned.\n    at new DOMException (node:internal/per_context/domexception:76:18)\n    at structuredClone (node:internal/worker/js_transferable:126:26)\n    at cloneValues (C:\\Users\\zyw41\\Downloads\\garlic-claw\\packages\\web\\src\\shared\\composables\\use-form-editor.ts:131:12)\n    at runValidation (C:\\Users\\zyw41\\Downloads\\garlic-claw\\packages\\web\\src\\shared\\composables\\use-form-editor.ts:66:43)\n    at Object.submit (C:\\Users\\zyw41\\Downloads\\garlic-claw\\packages\\web\\src\\shared\\composables\\use-form-editor.ts:77:25)\n    at C:\\Users\\zyw41\\Downloads\\garlic-claw\\endtest\\web-composables.spec.ts:275:33\n    at file:///C:/Users/zyw41/Downloads/garlic-claw/node_modules/@vitest/runner/dist/index.js:146:14\n    at file:///C:/Users/zyw41/Downloads/garlic-claw/node_modules/@vitest/runner/dist/index.js:533:11\n    at runWithTimeout (file:///C:/Users/zyw41/Downloads/garlic-claw/node_modules/@vitest/runner/dist/index.js:39:7)\n    at runTest (file:///C:/Users/zyw41/Downloads/garlic-claw/node_modules/@vitest/runner/dist/index.js:1056:17)"],"meta":{}},{"ancestorTitles":["useFormEditor"],"fullName":"useFormEditor submit prevents double submission","status":"failed","title":"submit prevents double submission","duration":2.348899999999958,"failureMessages":["TypeError: resolveSubmit is not a function\n    at C:\\Users\\zyw41\\Downloads\\garlic-claw\\endtest\\web-composables.spec.ts:290:5\n    at processTicksAndRejections (node:internal/process/task_queues:103:5)\n    at file:///C:/Users/zyw41/Downloads/garlic-claw/node_modules/@vitest/runner/dist/index.js:533:5\n    at runTest (file:///C:/Users/zyw41/Downloads/garlic-claw/node_modules/@vitest/runner/dist/index.js:1056:11)\n    at runSuite (file:///C:/Users/zyw41/Downloads/garlic-claw/node_modules/@vitest/runner/dist/index.js:1205:15)\n    at runSuite (file:///C:/Users/zyw41/Downloads/garlic-claw/node_modules/@vitest/runner/dist/index.js:1205:15)\n    at runFiles (file:///C:/Users/zyw41/Downloads/garlic-claw/node_modules/@vitest/runner/dist/index.js:1262:5)\n    at startTests (file:///C:/Users/zyw41/Downloads/garlic-claw/node_modules/@vitest/runner/dist/index.js:1271:3)\n    at file:///C:/Users/zyw41/Downloads/garlic-claw/node_modules/vitest/dist/chunks/runBaseTests.3qpJUEJM.js:126:11\n    at withEnv (file:///C:/Users/zyw41/Downloads/garlic-claw/node_modules/vitest/dist/chunks/runBaseTests.3qpJUEJM.js:90:5)"],"meta":{}},{"ancestorTitles":["useFormEditor"],"fullName":"useFormEditor setErrors manually sets errors","status":"passed","title":"setErrors manually sets errors","duration":0.43959999999970023,"failureMessages":[],"meta":{}},{"ancestorTitles":["useFormEditor"],"fullName":"useFormEditor supports async validation","status":"failed","title":"supports async validation","duration":0.4881000000000313,"failureMessages":["DataCloneError: #<Object> could not be cloned.\n    at new DOMException (node:internal/per_context/domexception:76:18)\n    at structuredClone (node:internal/worker/js_transferable:126:26)\n    at cloneValues (C:\\Users\\zyw41\\Downloads\\garlic-claw\\packages\\web\\src\\shared\\composables\\use-form-editor.ts:131:12)\n    at Object.runValidation (C:\\Users\\zyw41\\Downloads\\garlic-claw\\packages\\web\\src\\shared\\composables\\use-form-editor.ts:66:43)\n    at C:\\Users\\zyw41\\Downloads\\garlic-claw\\endtest\\web-composables.spec.ts:309:25\n    at file:///C:/Users/zyw41/Downloads/garlic-claw/node_modules/@vitest/runner/dist/index.js:146:14\n    at file:///C:/Users/zyw41/Downloads/garlic-claw/node_modules/@vitest/runner/dist/index.js:533:11\n    at runWithTimeout (file:///C:/Users/zyw41/Downloads/garlic-claw/node_modules/@vitest/runner/dist/index.js:39:7)\n    at runTest (file:///C:/Users/zyw41/Downloads/garlic-claw/node_modules/@vitest/runner/dist/index.js:1056:17)\n    at processTicksAndRejections (node:internal/process/task_queues:103:5)"],"meta":{}},{"ancestorTitles":["useFormEditor"],"fullName":"useFormEditor filters out empty string error messages","status":"passed","title":"filters out empty string error messages","duration":0.24770000000034997,"failureMessages":[],"meta":{}}],"startTime":1781324470552,"endTime":1781324470587.2478,"status":"failed","message":"","name":"C:/Users/zyw41/Downloads/garlic-claw/endtest/web-composables.spec.ts"},{"assertionResults":[{"ancestorTitles":["Atmosphere lighting tokens"],"fullName":"Atmosphere lighting tokens returns empty tokens when no samples","status":"passed","title":"returns empty tokens when no samples","duration":3.3238000000001193,"failureMessages":[],"meta":{}},{"ancestorTitles":["Atmosphere lighting tokens"],"fullName":"Atmosphere lighting tokens returns tokens for valid samples","status":"passed","title":"returns tokens for valid samples","duration":1.3712000000000444,"failureMessages":[],"meta":{}},{"ancestorTitles":["Atmosphere lighting tokens"],"fullName":"Atmosphere lighting tokens intensity scales alpha values","status":"passed","title":"intensity scales alpha values","duration":0.7520999999997002,"failureMessages":[],"meta":{}},{"ancestorTitles":["Atmosphere lighting tokens"],"fullName":"Atmosphere lighting tokens intensity clamps between 0 and 1","status":"passed","title":"intensity clamps between 0 and 1","duration":0.48640000000023065,"failureMessages":[],"meta":{}},{"ancestorTitles":["Atmosphere lighting tokens"],"fullName":"Atmosphere lighting tokens glowScale affects atmosphere-glow alpha","status":"passed","title":"glowScale affects atmosphere-glow alpha","duration":0.7407000000002881,"failureMessages":[],"meta":{}},{"ancestorTitles":["Atmosphere lighting tokens"],"fullName":"Atmosphere lighting tokens saturation is capped at 0.40","status":"passed","title":"saturation is capped at 0.40","duration":0.4301999999997861,"failureMessages":[],"meta":{}},{"ancestorTitles":["Atmosphere lighting tokens"],"fullName":"Atmosphere lighting tokens produces glass-reflection token","status":"passed","title":"produces glass-reflection token","duration":0.5786000000002787,"failureMessages":[],"meta":{}},{"ancestorTitles":["Atmosphere samples bridge"],"fullName":"Atmosphere samples bridge initializes with null","status":"passed","title":"initializes with null","duration":0.38580000000001746,"failureMessages":[],"meta":{}},{"ancestorTitles":["Atmosphere samples bridge"],"fullName":"Atmosphere samples bridge setAtmosphereSamples updates the samples","status":"passed","title":"setAtmosphereSamples updates the samples","duration":0.7712999999998829,"failureMessages":[],"meta":{}},{"ancestorTitles":["Material config"],"fullName":"Material config has default config","status":"passed","title":"has default config","duration":0.4087000000004082,"failureMessages":[],"meta":{}},{"ancestorTitles":["Material config"],"fullName":"Material config setMaterialRuntimeConfig updates partial config","status":"passed","title":"setMaterialRuntimeConfig updates partial config","duration":0.2903000000001157,"failureMessages":[],"meta":{}},{"ancestorTitles":["Material config"],"fullName":"Material config resetMaterialRuntimeConfig restores defaults","status":"passed","title":"resetMaterialRuntimeConfig restores defaults","duration":0.28890000000001237,"failureMessages":[],"meta":{}},{"ancestorTitles":["Material config"],"fullName":"Material config default glassOpacity is 40","status":"passed","title":"default glassOpacity is 40","duration":0.1534999999998945,"failureMessages":[],"meta":{}},{"ancestorTitles":["Material config"],"fullName":"Material config default noiseEnabled is true","status":"passed","title":"default noiseEnabled is true","duration":0.16620000000011714,"failureMessages":[],"meta":{}},{"ancestorTitles":["Material tokens"],"fullName":"Material tokens returns material-specific tokens","status":"passed","title":"returns material-specific tokens","duration":0.5803000000000793,"failureMessages":[],"meta":{}},{"ancestorTitles":["Material tokens"],"fullName":"Material tokens edge lighting produces gradient when enabled","status":"passed","title":"edge lighting produces gradient when enabled","duration":0.177599999999984,"failureMessages":[],"meta":{}},{"ancestorTitles":["Material tokens"],"fullName":"Material tokens edge lighting returns none when disabled","status":"passed","title":"edge lighting returns none when disabled","duration":0.23489999999992506,"failureMessages":[],"meta":{}},{"ancestorTitles":["Material tokens"],"fullName":"Material tokens noise ref is svg url when enabled","status":"passed","title":"noise ref is svg url when enabled","duration":0.12799999999970169,"failureMessages":[],"meta":{}},{"ancestorTitles":["Material tokens"],"fullName":"Material tokens noise ref is none when disabled","status":"passed","title":"noise ref is none when disabled","duration":0.14150000000017826,"failureMessages":[],"meta":{}},{"ancestorTitles":["Material tokens"],"fullName":"Material tokens refraction tint is oklch","status":"passed","title":"refraction tint is oklch","duration":0.2080999999998312,"failureMessages":[],"meta":{}},{"ancestorTitles":["Material tokens"],"fullName":"Material tokens glass reflection is gradient","status":"passed","title":"glass reflection is gradient","duration":0.15590000000020154,"failureMessages":[],"meta":{}},{"ancestorTitles":["Material tokens"],"fullName":"Material tokens blur standard is overridden by material","status":"passed","title":"blur standard is overridden by material","duration":0.188600000000406,"failureMessages":[],"meta":{}},{"ancestorTitles":["Material tokens"],"fullName":"Material tokens responds to glow ratio changes","status":"passed","title":"responds to glow ratio changes","duration":0.3774999999995998,"failureMessages":[],"meta":{}},{"ancestorTitles":["Background presets"],"fullName":"Background presets has 4 background presets","status":"passed","title":"has 4 background presets","duration":0.8922000000002299,"failureMessages":[],"meta":{}},{"ancestorTitles":["Background presets"],"fullName":"Background presets each preset has required fields","status":"passed","title":"each preset has required fields","duration":0.7758999999996377,"failureMessages":[],"meta":{}},{"ancestorTitles":["Background presets"],"fullName":"Background presets getGradientCSS returns CSS for known presets","status":"passed","title":"getGradientCSS returns CSS for known presets","duration":0.2588999999998123,"failureMessages":[],"meta":{}},{"ancestorTitles":["Background presets"],"fullName":"Background presets getGradientCSS returns empty for unknown preset","status":"passed","title":"getGradientCSS returns empty for unknown preset","duration":0.10470000000032087,"failureMessages":[],"meta":{}},{"ancestorTitles":["Background presets"],"fullName":"Background presets includes warm-dawn and bamboo-mist as light presets","status":"passed","title":"includes warm-dawn and bamboo-mist as light presets","duration":0.17200000000002547,"failureMessages":[],"meta":{}},{"ancestorTitles":["Background presets"],"fullName":"Background presets includes starry-night and aurora-night as dark presets","status":"passed","title":"includes starry-night and aurora-night as dark presets","duration":0.19119999999975335,"failureMessages":[],"meta":{}},{"ancestorTitles":["Background types and constants"],"fullName":"Background types and constants MAX_SLIDESHOW_PHOTOS is 5","status":"passed","title":"MAX_SLIDESHOW_PHOTOS is 5","duration":0.13220000000001164,"failureMessages":[],"meta":{}},{"ancestorTitles":["Background types and constants"],"fullName":"Background types and constants DEFAULT_INTERVAL_SEC is 10","status":"passed","title":"DEFAULT_INTERVAL_SEC is 10","duration":0.10619999999971697,"failureMessages":[],"meta":{}},{"ancestorTitles":["Background types and constants"],"fullName":"Background types and constants INTERVAL_SEC_OPTIONS has valid options","status":"passed","title":"INTERVAL_SEC_OPTIONS has valid options","duration":0.2039999999997235,"failureMessages":[],"meta":{}},{"ancestorTitles":["Background types and constants"],"fullName":"Background types and constants DISPLAY_MODE_LABELS has all modes","status":"passed","title":"DISPLAY_MODE_LABELS has all modes","duration":0.16900000000032378,"failureMessages":[],"meta":{}},{"ancestorTitles":["Background types and constants"],"fullName":"Background types and constants OBJECT_FIT_MAP maps correctly","status":"passed","title":"OBJECT_FIT_MAP maps correctly","duration":0.1350999999999658,"failureMessages":[],"meta":{}},{"ancestorTitles":["Background types and constants"],"fullName":"Background types and constants DEFAULT_OVERLAY_INTENSITY is 0","status":"passed","title":"DEFAULT_OVERLAY_INTENSITY is 0","duration":0.09270000000014988,"failureMessages":[],"meta":{}},{"ancestorTitles":["Background types and constants"],"fullName":"Background types and constants DEFAULT_ADJUSTMENTS has sane defaults","status":"passed","title":"DEFAULT_ADJUSTMENTS has sane defaults","duration":0.16620000000011714,"failureMessages":[],"meta":{}},{"ancestorTitles":["Background types and constants"],"fullName":"Background types and constants DEFAULT_CONFIG has kind=none","status":"passed","title":"DEFAULT_CONFIG has kind=none","duration":0.1516999999998916,"failureMessages":[],"meta":{}},{"ancestorTitles":["Cross-module: composer integrates all layers"],"fullName":"Cross-module: composer integrates all layers computeThemeBase + computeMaterialTokens produces no NaN values in dark mode","status":"passed","title":"computeThemeBase + computeMaterialTokens produces no NaN values in dark mode","duration":0.6213999999999942,"failureMessages":[],"meta":{}},{"ancestorTitles":["Cross-module: composer integrates all layers"],"fullName":"Cross-module: composer integrates all layers all presets produce valid tokens in both light and dark modes","status":"passed","title":"all presets produce valid tokens in both light and dark modes","duration":2.916099999999915,"failureMessages":[],"meta":{}},{"ancestorTitles":["Cross-module: composer integrates all layers"],"fullName":"Cross-module: composer integrates all layers computeAtmosphereLighting + computeMaterialTokens no NaN","status":"passed","title":"computeAtmosphereLighting + computeMaterialTokens no NaN","duration":0.5443000000000211,"failureMessages":[],"meta":{}}],"startTime":1781324470650,"endTime":1781324470671.5442,"status":"passed","message":"","name":"C:/Users/zyw41/Downloads/garlic-claw/endtest/web-features.spec.ts"},{"assertionResults":[{"ancestorTitles":["constants"],"fullName":"constants has DEFAULT_PRESET_ID set to natural","status":"passed","title":"has DEFAULT_PRESET_ID set to natural","duration":2.40729999999985,"failureMessages":[],"meta":{}},{"ancestorTitles":["constants"],"fullName":"constants STORAGE_KEY is set","status":"passed","title":"STORAGE_KEY is set","duration":0.3989999999998872,"failureMessages":[],"meta":{}},{"ancestorTitles":["constants"],"fullName":"constants contains 6 theme presets","status":"passed","title":"contains 6 theme presets","duration":1.6154999999998836,"failureMessages":[],"meta":{}},{"ancestorTitles":["constants"],"fullName":"constants each preset has required fields","status":"passed","title":"each preset has required fields","duration":1.8463999999999032,"failureMessages":[],"meta":{}},{"ancestorTitles":["constants"],"fullName":"constants all presets are in presetMap","status":"passed","title":"all presets are in presetMap","duration":0.4067000000000007,"failureMessages":[],"meta":{}},{"ancestorTitles":["constants"],"fullName":"constants getPreset returns correct preset by id","status":"passed","title":"getPreset returns correct preset by id","duration":0.3330999999998312,"failureMessages":[],"meta":{}},{"ancestorTitles":["constants"],"fullName":"constants getPreset returns default for unknown id","status":"passed","title":"getPreset returns default for unknown id","duration":0.29120000000011714,"failureMessages":[],"meta":{}},{"ancestorTitles":["constants"],"fullName":"constants natural preset has hue=200 saturation=16","status":"passed","title":"natural preset has hue=200 saturation=16","duration":0.20049999999991996,"failureMessages":[],"meta":{}},{"ancestorTitles":["registry"],"fullName":"registry PRIMITIVE has all expected keys","status":"passed","title":"PRIMITIVE has all expected keys","duration":0.5729000000001179,"failureMessages":[],"meta":{}},{"ancestorTitles":["registry"],"fullName":"registry ALIAS has all expected keys","status":"passed","title":"ALIAS has all expected keys","duration":0.21800000000030195,"failureMessages":[],"meta":{}},{"ancestorTitles":["registry"],"fullName":"registry DEPTH has all expected keys","status":"passed","title":"DEPTH has all expected keys","duration":0.17210000000022774,"failureMessages":[],"meta":{}},{"ancestorTitles":["registry"],"fullName":"registry PRIMITIVE_KEYS includes all primitive token keys","status":"passed","title":"PRIMITIVE_KEYS includes all primitive token keys","duration":0.6264999999998508,"failureMessages":[],"meta":{}},{"ancestorTitles":["registry"],"fullName":"registry ALIAS_KEYS includes all alias token keys","status":"passed","title":"ALIAS_KEYS includes all alias token keys","duration":0.259900000000016,"failureMessages":[],"meta":{}},{"ancestorTitles":["registry"],"fullName":"registry DEPTH_KEYS includes all depth token keys","status":"passed","title":"DEPTH_KEYS includes all depth token keys","duration":0.23709999999982756,"failureMessages":[],"meta":{}},{"ancestorTitles":["registry"],"fullName":"registry ALL_TOKEN_KEYS combines all token key arrays","status":"passed","title":"ALL_TOKEN_KEYS combines all token key arrays","duration":0.11999999999989086,"failureMessages":[],"meta":{}},{"ancestorTitles":["registry"],"fullName":"registry ALIAS_TO_PRIMITIVE maps every alias to a primitive","status":"failed","title":"ALIAS_TO_PRIMITIVE maps every alias to a primitive","duration":10.690200000000004,"failureMessages":["AssertionError: expected undefined to be defined\n    at C:\\Users\\zyw41\\Downloads\\garlic-claw\\endtest\\web-theme.spec.ts:110:44\n    at file:///C:/Users/zyw41/Downloads/garlic-claw/node_modules/@vitest/runner/dist/index.js:146:14\n    at file:///C:/Users/zyw41/Downloads/garlic-claw/node_modules/@vitest/runner/dist/index.js:533:11\n    at runWithTimeout (file:///C:/Users/zyw41/Downloads/garlic-claw/node_modules/@vitest/runner/dist/index.js:39:7)\n    at runTest (file:///C:/Users/zyw41/Downloads/garlic-claw/node_modules/@vitest/runner/dist/index.js:1056:17)\n    at processTicksAndRejections (node:internal/process/task_queues:103:5)\n    at runSuite (file:///C:/Users/zyw41/Downloads/garlic-claw/node_modules/@vitest/runner/dist/index.js:1205:15)\n    at runSuite (file:///C:/Users/zyw41/Downloads/garlic-claw/node_modules/@vitest/runner/dist/index.js:1205:15)\n    at runFiles (file:///C:/Users/zyw41/Downloads/garlic-claw/node_modules/@vitest/runner/dist/index.js:1262:5)\n    at startTests (file:///C:/Users/zyw41/Downloads/garlic-claw/node_modules/@vitest/runner/dist/index.js:1271:3)"],"meta":{}},{"ancestorTitles":["registry"],"fullName":"registry ALIAS_TO_PRIMITIVE mappings are correct","status":"passed","title":"ALIAS_TO_PRIMITIVE mappings are correct","duration":0.5053000000002612,"failureMessages":[],"meta":{}},{"ancestorTitles":["groups"],"fullName":"groups TOKEN_GROUPS has all 9 groups","status":"passed","title":"TOKEN_GROUPS has all 9 groups","duration":0.48669999999992797,"failureMessages":[],"meta":{}},{"ancestorTitles":["groups"],"fullName":"groups GROUP_IDS contains all group ids","status":"passed","title":"GROUP_IDS contains all group ids","duration":0.75,"failureMessages":[],"meta":{}},{"ancestorTitles":["groups"],"fullName":"groups getGroup returns correct group","status":"passed","title":"getGroup returns correct group","duration":0.21729999999979555,"failureMessages":[],"meta":{}},{"ancestorTitles":["groups"],"fullName":"groups getTokenGroup returns correct group for token","status":"passed","title":"getTokenGroup returns correct group for token","duration":0.21790000000009968,"failureMessages":[],"meta":{}},{"ancestorTitles":["groups"],"fullName":"groups getTokenGroup returns undefined for unknown token","status":"passed","title":"getTokenGroup returns undefined for unknown token","duration":0.14549999999962893,"failureMessages":[],"meta":{}},{"ancestorTitles":["groups"],"fullName":"groups GROUP_LIST contains all groups in order","status":"passed","title":"GROUP_LIST contains all groups in order","duration":0.22400000000016007,"failureMessages":[],"meta":{}},{"ancestorTitles":["tokens (computeThemeBase)"],"fullName":"tokens (computeThemeBase) returns a TokenMap with base tokens","status":"passed","title":"returns a TokenMap with base tokens","duration":0.5119000000004235,"failureMessages":[],"meta":{}},{"ancestorTitles":["tokens (computeThemeBase)"],"fullName":"tokens (computeThemeBase) generates oklch format strings","status":"passed","title":"generates oklch format strings","duration":0.5475000000001273,"failureMessages":[],"meta":{}},{"ancestorTitles":["tokens (computeThemeBase)"],"fullName":"tokens (computeThemeBase) supports dark mode","status":"passed","title":"supports dark mode","duration":1.186699999999746,"failureMessages":[],"meta":{}},{"ancestorTitles":["tokens (computeThemeBase)"],"fullName":"tokens (computeThemeBase) applies hue override","status":"passed","title":"applies hue override","duration":0.28769999999985885,"failureMessages":[],"meta":{}},{"ancestorTitles":["tokens (computeThemeBase)"],"fullName":"tokens (computeThemeBase) applies saturation override","status":"passed","title":"applies saturation override","duration":0.20930000000043947,"failureMessages":[],"meta":{}},{"ancestorTitles":["tokens (computeThemeBase)"],"fullName":"tokens (computeThemeBase) applies brightness override","status":"failed","title":"applies brightness override","duration":3.348500000000058,"failureMessages":["AssertionError: expected '98%' to be '59.5%' // Object.is equality\n    at C:\\Users\\zyw41\\Downloads\\garlic-claw\\endtest\\web-theme.spec.ts:202:35\n    at file:///C:/Users/zyw41/Downloads/garlic-claw/node_modules/@vitest/runner/dist/index.js:146:14\n    at file:///C:/Users/zyw41/Downloads/garlic-claw/node_modules/@vitest/runner/dist/index.js:533:11\n    at runWithTimeout (file:///C:/Users/zyw41/Downloads/garlic-claw/node_modules/@vitest/runner/dist/index.js:39:7)\n    at runTest (file:///C:/Users/zyw41/Downloads/garlic-claw/node_modules/@vitest/runner/dist/index.js:1056:17)\n    at processTicksAndRejections (node:internal/process/task_queues:103:5)\n    at runSuite (file:///C:/Users/zyw41/Downloads/garlic-claw/node_modules/@vitest/runner/dist/index.js:1205:15)\n    at runSuite (file:///C:/Users/zyw41/Downloads/garlic-claw/node_modules/@vitest/runner/dist/index.js:1205:15)\n    at runFiles (file:///C:/Users/zyw41/Downloads/garlic-claw/node_modules/@vitest/runner/dist/index.js:1262:5)\n    at startTests (file:///C:/Users/zyw41/Downloads/garlic-claw/node_modules/@vitest/runner/dist/index.js:1271:3)"],"meta":{}},{"ancestorTitles":["tokens (computeThemeBase)"],"fullName":"tokens (computeThemeBase) produces all slider controller tokens","status":"passed","title":"produces all slider controller tokens","duration":0.517699999999877,"failureMessages":[],"meta":{}},{"ancestorTitles":["tokens (computeThemeBase)"],"fullName":"tokens (computeThemeBase) produces surface tint token","status":"passed","title":"produces surface tint token","duration":0.18259999999963838,"failureMessages":[],"meta":{}},{"ancestorTitles":["tokens (computeThemeBase)"],"fullName":"tokens (computeThemeBase) ring token includes alpha with glow ratio","status":"passed","title":"ring token includes alpha with glow ratio","duration":0.17439999999987776,"failureMessages":[],"meta":{}},{"ancestorTitles":["tokens (computeThemeBase)"],"fullName":"tokens (computeThemeBase) produces glass tokens","status":"passed","title":"produces glass tokens","duration":0.15410000000019863,"failureMessages":[],"meta":{}},{"ancestorTitles":["tokens (computeThemeBase)"],"fullName":"tokens (computeThemeBase) all presets produce valid token maps without errors","status":"passed","title":"all presets produce valid token maps without errors","duration":0.6834000000003471,"failureMessages":[],"meta":{}},{"ancestorTitles":["aliases"],"fullName":"aliases computeAliases maps primitives to gc-* aliases","status":"passed","title":"computeAliases maps primitives to gc-* aliases","duration":0.37590000000000146,"failureMessages":[],"meta":{}},{"ancestorTitles":["aliases"],"fullName":"aliases computeAliases includes all alias keys","status":"failed","title":"computeAliases includes all alias keys","duration":1.9760000000001128,"failureMessages":["AssertionError: expected { '--gc-hue': '200', 鈥?23) } to have property \"--gc-atmosphere-1\"\n    at C:\\Users\\zyw41\\Downloads\\garlic-claw\\endtest\\web-theme.spec.ts:254:23\n    at file:///C:/Users/zyw41/Downloads/garlic-claw/node_modules/@vitest/runner/dist/index.js:146:14\n    at file:///C:/Users/zyw41/Downloads/garlic-claw/node_modules/@vitest/runner/dist/index.js:533:11\n    at runWithTimeout (file:///C:/Users/zyw41/Downloads/garlic-claw/node_modules/@vitest/runner/dist/index.js:39:7)\n    at runTest (file:///C:/Users/zyw41/Downloads/garlic-claw/node_modules/@vitest/runner/dist/index.js:1056:17)\n    at processTicksAndRejections (node:internal/process/task_queues:103:5)\n    at runSuite (file:///C:/Users/zyw41/Downloads/garlic-claw/node_modules/@vitest/runner/dist/index.js:1205:15)\n    at runSuite (file:///C:/Users/zyw41/Downloads/garlic-claw/node_modules/@vitest/runner/dist/index.js:1205:15)\n    at runFiles (file:///C:/Users/zyw41/Downloads/garlic-claw/node_modules/@vitest/runner/dist/index.js:1262:5)\n    at startTests (file:///C:/Users/zyw41/Downloads/garlic-claw/node_modules/@vitest/runner/dist/index.js:1271:3)"],"meta":{}},{"ancestorTitles":["aliases"],"fullName":"aliases validateAliases returns empty array (all aliases mapped)","status":"failed","title":"validateAliases returns empty array (all aliases mapped)","duration":3.3437999999996464,"failureMessages":["AssertionError: expected [ '--gc-interactive-hover-bg', 鈥?3) ] to deeply equal []\n    at C:\\Users\\zyw41\\Downloads\\garlic-claw\\endtest\\web-theme.spec.ts:259:31\n    at file:///C:/Users/zyw41/Downloads/garlic-claw/node_modules/@vitest/runner/dist/index.js:146:14\n    at file:///C:/Users/zyw41/Downloads/garlic-claw/node_modules/@vitest/runner/dist/index.js:533:11\n    at runWithTimeout (file:///C:/Users/zyw41/Downloads/garlic-claw/node_modules/@vitest/runner/dist/index.js:39:7)\n    at runTest (file:///C:/Users/zyw41/Downloads/garlic-claw/node_modules/@vitest/runner/dist/index.js:1056:17)\n    at processTicksAndRejections (node:internal/process/task_queues:103:5)\n    at runSuite (file:///C:/Users/zyw41/Downloads/garlic-claw/node_modules/@vitest/runner/dist/index.js:1205:15)\n    at runSuite (file:///C:/Users/zyw41/Downloads/garlic-claw/node_modules/@vitest/runner/dist/index.js:1205:15)\n    at runFiles (file:///C:/Users/zyw41/Downloads/garlic-claw/node_modules/@vitest/runner/dist/index.js:1262:5)\n    at startTests (file:///C:/Users/zyw41/Downloads/garlic-claw/node_modules/@vitest/runner/dist/index.js:1271:3)"],"meta":{}},{"ancestorTitles":["aliases"],"fullName":"aliases computeAllTokens combines all layers","status":"failed","title":"computeAllTokens combines all layers","duration":1.4231000000004315,"failureMessages":["AssertionError: expected undefined to be defined\n    at C:\\Users\\zyw41\\Downloads\\garlic-claw\\endtest\\web-theme.spec.ts:267:46\n    at file:///C:/Users/zyw41/Downloads/garlic-claw/node_modules/@vitest/runner/dist/index.js:146:14\n    at file:///C:/Users/zyw41/Downloads/garlic-claw/node_modules/@vitest/runner/dist/index.js:533:11\n    at runWithTimeout (file:///C:/Users/zyw41/Downloads/garlic-claw/node_modules/@vitest/runner/dist/index.js:39:7)\n    at runTest (file:///C:/Users/zyw41/Downloads/garlic-claw/node_modules/@vitest/runner/dist/index.js:1056:17)\n    at processTicksAndRejections (node:internal/process/task_queues:103:5)\n    at runSuite (file:///C:/Users/zyw41/Downloads/garlic-claw/node_modules/@vitest/runner/dist/index.js:1205:15)\n    at runSuite (file:///C:/Users/zyw41/Downloads/garlic-claw/node_modules/@vitest/runner/dist/index.js:1205:15)\n    at runFiles (file:///C:/Users/zyw41/Downloads/garlic-claw/node_modules/@vitest/runner/dist/index.js:1262:5)\n    at startTests (file:///C:/Users/zyw41/Downloads/garlic-claw/node_modules/@vitest/runner/dist/index.js:1271:3)"],"meta":{}},{"ancestorTitles":["aliases"],"fullName":"aliases computeAllTokens produces no NaN values","status":"passed","title":"computeAllTokens produces no NaN values","duration":2.7501000000002023,"failureMessages":[],"meta":{}},{"ancestorTitles":["depth (computeDepthTokens)"],"fullName":"depth (computeDepthTokens) returns all depth keys","status":"passed","title":"returns all depth keys","duration":1.946100000000115,"failureMessages":[],"meta":{}},{"ancestorTitles":["depth (computeDepthTokens)"],"fullName":"depth (computeDepthTokens) shadow tokens are oklch box-shadows","status":"passed","title":"shadow tokens are oklch box-shadows","duration":0.978099999999813,"failureMessages":[],"meta":{}},{"ancestorTitles":["depth (computeDepthTokens)"],"fullName":"depth (computeDepthTokens) blur tokens are pixel strings","status":"passed","title":"blur tokens are pixel strings","duration":0.7144000000002961,"failureMessages":[],"meta":{}},{"ancestorTitles":["depth (computeDepthTokens)"],"fullName":"depth (computeDepthTokens) z-index tokens are string numbers","status":"passed","title":"z-index tokens are string numbers","duration":0.45280000000002474,"failureMessages":[],"meta":{}},{"ancestorTitles":["depth (computeDepthTokens)"],"fullName":"depth (computeDepthTokens) surface layer tokens are oklch with alpha","status":"passed","title":"surface layer tokens are oklch with alpha","duration":0.2964999999999236,"failureMessages":[],"meta":{}},{"ancestorTitles":["depth (computeDepthTokens)"],"fullName":"depth (computeDepthTokens) alpha slider ratios respond to glassRatio","status":"passed","title":"alpha slider ratios respond to glassRatio","duration":0.24350000000004002,"failureMessages":[],"meta":{}},{"ancestorTitles":["depth (computeDepthTokens)"],"fullName":"depth (computeDepthTokens) hover depth tokens exist","status":"passed","title":"hover depth tokens exist","duration":0.34839999999985594,"failureMessages":[],"meta":{}},{"ancestorTitles":["depth (computeDepthTokens)"],"fullName":"depth (computeDepthTokens) interactive state tokens are color-mix or references","status":"passed","title":"interactive state tokens are color-mix or references","duration":0.3625999999999294,"failureMessages":[],"meta":{}},{"ancestorTitles":["diff (computeDiff)"],"fullName":"diff (computeDiff) returns all tokens as set when prev is empty","status":"passed","title":"returns all tokens as set when prev is empty","duration":1.6557999999999993,"failureMessages":[],"meta":{}},{"ancestorTitles":["diff (computeDiff)"],"fullName":"diff (computeDiff) returns empty diff when same reference","status":"passed","title":"returns empty diff when same reference","duration":0.4914000000003398,"failureMessages":[],"meta":{}},{"ancestorTitles":["diff (computeDiff)"],"fullName":"diff (computeDiff) detects changed tokens","status":"passed","title":"detects changed tokens","duration":0.3225999999999658,"failureMessages":[],"meta":{}},{"ancestorTitles":["diff (computeDiff)"],"fullName":"diff (computeDiff) detects removed tokens","status":"passed","title":"detects removed tokens","duration":0.1281000000003587,"failureMessages":[],"meta":{}},{"ancestorTitles":["diff (computeDiff)"],"fullName":"diff (computeDiff) detects new tokens","status":"passed","title":"detects new tokens","duration":0.11580000000003565,"failureMessages":[],"meta":{}},{"ancestorTitles":["diff (computeDiff)"],"fullName":"diff (computeDiff) returns EMPTY_DIFF when nothing changed","status":"passed","title":"returns EMPTY_DIFF when nothing changed","duration":0.08429999999998472,"failureMessages":[],"meta":{}},{"ancestorTitles":["diff (computeDiff)"],"fullName":"diff (computeDiff) handles large token maps efficiently","status":"passed","title":"handles large token maps efficiently","duration":0.27719999999999345,"failureMessages":[],"meta":{}},{"ancestorTitles":["freeze (computeTokenHash)"],"fullName":"freeze (computeTokenHash) produces deterministic hash for same tokens","status":"passed","title":"produces deterministic hash for same tokens","duration":0.161200000000008,"failureMessages":[],"meta":{}},{"ancestorTitles":["freeze (computeTokenHash)"],"fullName":"freeze (computeTokenHash) produces different hashes for different tokens","status":"passed","title":"produces different hashes for different tokens","duration":0.08639999999968495,"failureMessages":[],"meta":{}},{"ancestorTitles":["freeze (computeTokenHash)"],"fullName":"freeze (computeTokenHash) devFreezeTokens returns the same object","status":"passed","title":"devFreezeTokens returns the same object","duration":0.11109999999962383,"failureMessages":[],"meta":{}},{"ancestorTitles":["freeze (computeTokenHash)"],"fullName":"freeze (computeTokenHash) devFreezeTokens freezes in DEV (vitest simulates DEV)","status":"passed","title":"devFreezeTokens freezes in DEV (vitest simulates DEV)","duration":0.053100000000085856,"failureMessages":[],"meta":{}},{"ancestorTitles":["freeze (computeTokenHash)"],"fullName":"freeze (computeTokenHash) produces same hash regardless of key insertion order","status":"passed","title":"produces same hash regardless of key insertion order","duration":0.07009999999991123,"failureMessages":[],"meta":{}}],"startTime":1781324470652,"endTime":1781324470705.07,"status":"failed","message":"","name":"C:/Users/zyw41/Downloads/garlic-claw/endtest/web-theme.spec.ts"},{"assertionResults":[{"ancestorTitles":["AppError"],"fullName":"AppError creates a basic AppError","status":"passed","title":"creates a basic AppError","duration":1.4933000000000902,"failureMessages":[],"meta":{}},{"ancestorTitles":["AppError"],"fullName":"AppError supports all options","status":"passed","title":"supports all options","duration":1.020799999999781,"failureMessages":[],"meta":{}},{"ancestorTitles":["AppError"],"fullName":"AppError NetworkError defaults retryable to true","status":"passed","title":"NetworkError defaults retryable to true","duration":0.3009999999999309,"failureMessages":[],"meta":{}},{"ancestorTitles":["AppError"],"fullName":"AppError ValidationError defaults retryable to false","status":"passed","title":"ValidationError defaults retryable to false","duration":0.2278000000001157,"failureMessages":[],"meta":{}},{"ancestorTitles":["AppError"],"fullName":"AppError AuthError defaults retryable to false","status":"passed","title":"AuthError defaults retryable to false","duration":0.18190000000004147,"failureMessages":[],"meta":{}},{"ancestorTitles":["AppError"],"fullName":"AppError BusinessError defaults retryable to false","status":"passed","title":"BusinessError defaults retryable to false","duration":0.1975999999999658,"failureMessages":[],"meta":{}},{"ancestorTitles":["toAppError"],"fullName":"toAppError returns AppError instances as-is","status":"passed","title":"returns AppError instances as-is","duration":0.3981999999996333,"failureMessages":[],"meta":{}},{"ancestorTitles":["toAppError"],"fullName":"toAppError converts TypeError to NetworkError","status":"failed","title":"converts TypeError to NetworkError","duration":10.453599999999824,"failureMessages":["AssertionError: expected 'fetch failed' to be '缃戠粶璇锋眰澶辫触锛岃妫€鏌ヨ繛鎺? // Object.is equality\n    at C:\\Users\\zyw41\\Downloads\\garlic-claw\\endtest\\web-utils.spec.ts:66:28\n    at file:///C:/Users/zyw41/Downloads/garlic-claw/node_modules/@vitest/runner/dist/index.js:146:14\n    at file:///C:/Users/zyw41/Downloads/garlic-claw/node_modules/@vitest/runner/dist/index.js:533:11\n    at runWithTimeout (file:///C:/Users/zyw41/Downloads/garlic-claw/node_modules/@vitest/runner/dist/index.js:39:7)\n    at runTest (file:///C:/Users/zyw41/Downloads/garlic-claw/node_modules/@vitest/runner/dist/index.js:1056:17)\n    at processTicksAndRejections (node:internal/process/task_queues:103:5)\n    at runSuite (file:///C:/Users/zyw41/Downloads/garlic-claw/node_modules/@vitest/runner/dist/index.js:1205:15)\n    at runSuite (file:///C:/Users/zyw41/Downloads/garlic-claw/node_modules/@vitest/runner/dist/index.js:1205:15)\n    at runFiles (file:///C:/Users/zyw41/Downloads/garlic-claw/node_modules/@vitest/runner/dist/index.js:1262:5)\n    at startTests (file:///C:/Users/zyw41/Downloads/garlic-claw/node_modules/@vitest/runner/dist/index.js:1271:3)"],"meta":{}},{"ancestorTitles":["toAppError"],"fullName":"toAppError converts AbortError to BusinessError","status":"passed","title":"converts AbortError to BusinessError","duration":0.5273999999999432,"failureMessages":[],"meta":{}},{"ancestorTitles":["toAppError"],"fullName":"toAppError converts http-like error with status","status":"passed","title":"converts http-like error with status","duration":0.42079999999987194,"failureMessages":[],"meta":{}},{"ancestorTitles":["toAppError"],"fullName":"toAppError converts 401 to AuthError","status":"passed","title":"converts 401 to AuthError","duration":0.28589999999985594,"failureMessages":[],"meta":{}},{"ancestorTitles":["toAppError"],"fullName":"toAppError converts 400 to ValidationError","status":"passed","title":"converts 400 to ValidationError","duration":0.2561999999998079,"failureMessages":[],"meta":{}},{"ancestorTitles":["toAppError"],"fullName":"toAppError converts 404 to BusinessError","status":"passed","title":"converts 404 to BusinessError","duration":0.18069999999988795,"failureMessages":[],"meta":{}},{"ancestorTitles":["toAppError"],"fullName":"toAppError converts string error to BusinessError","status":"passed","title":"converts string error to BusinessError","duration":0.14879999999993743,"failureMessages":[],"meta":{}},{"ancestorTitles":["toAppError"],"fullName":"toAppError uses fallback message for unknown errors","status":"passed","title":"uses fallback message for unknown errors","duration":0.1172999999998865,"failureMessages":[],"meta":{}},{"ancestorTitles":["toAppError"],"fullName":"toAppError extracts message from JSON error body","status":"passed","title":"extracts message from JSON error body","duration":0.24539999999979045,"failureMessages":[],"meta":{}},{"ancestorTitles":["toAppError"],"fullName":"toAppError handles null/undefined gracefully","status":"passed","title":"handles null/undefined gracefully","duration":0.24749999999994543,"failureMessages":[],"meta":{}},{"ancestorTitles":["toAppError"],"fullName":"toAppError converts 429 to NetworkError with retryable","status":"passed","title":"converts 429 to NetworkError with retryable","duration":0.16149999999970532,"failureMessages":[],"meta":{}},{"ancestorTitles":["toAppError"],"fullName":"toAppError converts 408 to NetworkError","status":"passed","title":"converts 408 to NetworkError","duration":0.1127000000001317,"failureMessages":[],"meta":{}},{"ancestorTitles":["toAppError"],"fullName":"toAppError converts 403 to AuthError","status":"passed","title":"converts 403 to AuthError","duration":0.09269999999969514,"failureMessages":[],"meta":{}},{"ancestorTitles":["toAppError"],"fullName":"toAppError uses body as fallback when no message in parsed body","status":"passed","title":"uses body as fallback when no message in parsed body","duration":0.12309999999979482,"failureMessages":[],"meta":{}},{"ancestorTitles":["getErrorMessage"],"fullName":"getErrorMessage extracts message from AppError","status":"passed","title":"extracts message from AppError","duration":0.15170000000034634,"failureMessages":[],"meta":{}},{"ancestorTitles":["getErrorMessage"],"fullName":"getErrorMessage uses fallback for unknown errors","status":"passed","title":"uses fallback for unknown errors","duration":0.08570000000008804,"failureMessages":[],"meta":{}},{"ancestorTitles":["isRetryableError"],"fullName":"isRetryableError returns true for retryable error","status":"passed","title":"returns true for retryable error","duration":0.13540000000011787,"failureMessages":[],"meta":{}},{"ancestorTitles":["isRetryableError"],"fullName":"isRetryableError returns true for retryable status codes","status":"passed","title":"returns true for retryable status codes","duration":0.18249999999989086,"failureMessages":[],"meta":{}},{"ancestorTitles":["isRetryableError"],"fullName":"isRetryableError returns false for non-retryable errors","status":"passed","title":"returns false for non-retryable errors","duration":0.07749999999987267,"failureMessages":[],"meta":{}},{"ancestorTitles":["isRetryableError"],"fullName":"isRetryableError returns false for non-retryable status","status":"passed","title":"returns false for non-retryable status","duration":0.093199999999797,"failureMessages":[],"meta":{}},{"ancestorTitles":["isAbortedAppError"],"fullName":"isAbortedAppError returns true for ABORTED error","status":"passed","title":"returns true for ABORTED error","duration":0.14789999999993597,"failureMessages":[],"meta":{}},{"ancestorTitles":["isAbortedAppError"],"fullName":"isAbortedAppError returns false for other errors","status":"passed","title":"returns false for other errors","duration":0.07969999999977517,"failureMessages":[],"meta":{}},{"ancestorTitles":["uuid utilities"],"fullName":"uuid utilities isUuidV7Text returns true for valid UUID v7","status":"passed","title":"isUuidV7Text returns true for valid UUID v7","duration":0.17279999999982465,"failureMessages":[],"meta":{}},{"ancestorTitles":["uuid utilities"],"fullName":"uuid utilities isUuidV7Text returns false for non-UUID strings","status":"passed","title":"isUuidV7Text returns false for non-UUID strings","duration":0.15709999999990032,"failureMessages":[],"meta":{}},{"ancestorTitles":["uuid utilities"],"fullName":"uuid utilities isUuidV7Text returns false for UUID v4","status":"passed","title":"isUuidV7Text returns false for UUID v4","duration":0.0660000000002583,"failureMessages":[],"meta":{}},{"ancestorTitles":["uuid utilities"],"fullName":"uuid utilities isValidConversationRouteId returns true for UUID v7","status":"passed","title":"isValidConversationRouteId returns true for UUID v7","duration":0.15360000000009677,"failureMessages":[],"meta":{}},{"ancestorTitles":["uuid utilities"],"fullName":"uuid utilities isValidConversationRouteId returns false for invalid route IDs","status":"failed","title":"isValidConversationRouteId returns false for invalid route IDs","duration":1.61200000000008,"failureMessages":["AssertionError: expected true to be false // Object.is equality\n    at C:\\Users\\zyw41\\Downloads\\garlic-claw\\endtest\\web-utils.spec.ts:213:53\n    at file:///C:/Users/zyw41/Downloads/garlic-claw/node_modules/@vitest/runner/dist/index.js:146:14\n    at file:///C:/Users/zyw41/Downloads/garlic-claw/node_modules/@vitest/runner/dist/index.js:533:11\n    at runWithTimeout (file:///C:/Users/zyw41/Downloads/garlic-claw/node_modules/@vitest/runner/dist/index.js:39:7)\n    at runTest (file:///C:/Users/zyw41/Downloads/garlic-claw/node_modules/@vitest/runner/dist/index.js:1056:17)\n    at processTicksAndRejections (node:internal/process/task_queues:103:5)\n    at runSuite (file:///C:/Users/zyw41/Downloads/garlic-claw/node_modules/@vitest/runner/dist/index.js:1205:15)\n    at runSuite (file:///C:/Users/zyw41/Downloads/garlic-claw/node_modules/@vitest/runner/dist/index.js:1205:15)\n    at runFiles (file:///C:/Users/zyw41/Downloads/garlic-claw/node_modules/@vitest/runner/dist/index.js:1262:5)\n    at startTests (file:///C:/Users/zyw41/Downloads/garlic-claw/node_modules/@vitest/runner/dist/index.js:1271:3)"],"meta":{}},{"ancestorTitles":["uuid utilities"],"fullName":"uuid utilities isValidConversationRouteId returns true for UUID v4 (not v7 but valid UUID)","status":"failed","title":"isValidConversationRouteId returns true for UUID v4 (not v7 but valid UUID)","duration":0.6732999999999265,"failureMessages":["AssertionError: expected false to be true // Object.is equality\n    at C:\\Users\\zyw41\\Downloads\\garlic-claw\\endtest\\web-utils.spec.ts:219:44\n    at file:///C:/Users/zyw41/Downloads/garlic-claw/node_modules/@vitest/runner/dist/index.js:146:14\n    at file:///C:/Users/zyw41/Downloads/garlic-claw/node_modules/@vitest/runner/dist/index.js:533:11\n    at runWithTimeout (file:///C:/Users/zyw41/Downloads/garlic-claw/node_modules/@vitest/runner/dist/index.js:39:7)\n    at runTest (file:///C:/Users/zyw41/Downloads/garlic-claw/node_modules/@vitest/runner/dist/index.js:1056:17)\n    at processTicksAndRejections (node:internal/process/task_queues:103:5)\n    at runSuite (file:///C:/Users/zyw41/Downloads/garlic-claw/node_modules/@vitest/runner/dist/index.js:1205:15)\n    at runSuite (file:///C:/Users/zyw41/Downloads/garlic-claw/node_modules/@vitest/runner/dist/index.js:1205:15)\n    at runFiles (file:///C:/Users/zyw41/Downloads/garlic-claw/node_modules/@vitest/runner/dist/index.js:1262:5)\n    at startTests (file:///C:/Users/zyw41/Downloads/garlic-claw/node_modules/@vitest/runner/dist/index.js:1271:3)"],"meta":{}},{"ancestorTitles":["plugin-labels"],"fullName":"plugin-labels healthLabel returns correct Chinese labels","status":"passed","title":"healthLabel returns correct Chinese labels","duration":0.2844999999997526,"failureMessages":[],"meta":{}},{"ancestorTitles":["plugin-labels"],"fullName":"plugin-labels healthLabel returns unknown for null/undefined","status":"passed","title":"healthLabel returns unknown for null/undefined","duration":0.08100000000013097,"failureMessages":[],"meta":{}},{"ancestorTitles":["plugin-labels"],"fullName":"plugin-labels formatPluginTime returns formatted date for valid string","status":"passed","title":"formatPluginTime returns formatted date for valid string","duration":14.715299999999843,"failureMessages":[],"meta":{}},{"ancestorTitles":["plugin-labels"],"fullName":"plugin-labels formatPluginTime returns 鏈鏌?for null/undefined","status":"passed","title":"formatPluginTime returns 鏈鏌?for null/undefined","duration":0.18650000000025102,"failureMessages":[],"meta":{}},{"ancestorTitles":["plugin-labels"],"fullName":"plugin-labels pluginHealthStatus returns status or unknown","status":"passed","title":"pluginHealthStatus returns status or unknown","duration":0.2541000000001077,"failureMessages":[],"meta":{}},{"ancestorTitles":["chat-image-upload pure functions"],"fullName":"chat-image-upload pure functions formatBytes returns correct formatting","status":"failed","title":"formatBytes returns correct formatting","duration":1.628099999999904,"failureMessages":["AssertionError: expected '100 KB' to be '100.0 KB' // Object.is equality\n    at C:\\Users\\zyw41\\Downloads\\garlic-claw\\endtest\\web-utils.spec.ts:256:33\n    at file:///C:/Users/zyw41/Downloads/garlic-claw/node_modules/@vitest/runner/dist/index.js:146:14\n    at file:///C:/Users/zyw41/Downloads/garlic-claw/node_modules/@vitest/runner/dist/index.js:533:11\n    at runWithTimeout (file:///C:/Users/zyw41/Downloads/garlic-claw/node_modules/@vitest/runner/dist/index.js:39:7)\n    at runTest (file:///C:/Users/zyw41/Downloads/garlic-claw/node_modules/@vitest/runner/dist/index.js:1056:17)\n    at processTicksAndRejections (node:internal/process/task_queues:103:5)\n    at runSuite (file:///C:/Users/zyw41/Downloads/garlic-claw/node_modules/@vitest/runner/dist/index.js:1205:15)\n    at runSuite (file:///C:/Users/zyw41/Downloads/garlic-claw/node_modules/@vitest/runner/dist/index.js:1205:15)\n    at runFiles (file:///C:/Users/zyw41/Downloads/garlic-claw/node_modules/@vitest/runner/dist/index.js:1262:5)\n    at startTests (file:///C:/Users/zyw41/Downloads/garlic-claw/node_modules/@vitest/runner/dist/index.js:1271:3)"],"meta":{}},{"ancestorTitles":["chat-image-upload pure functions"],"fullName":"chat-image-upload pure functions formatBytes handles edge cases","status":"passed","title":"formatBytes handles edge cases","duration":0.25939999999991414,"failureMessages":[],"meta":{}},{"ancestorTitles":["chat-image-upload pure functions"],"fullName":"chat-image-upload pure functions measureDataUrlBytes returns correct byte count","status":"passed","title":"measureDataUrlBytes returns correct byte count","duration":0.9483000000000175,"failureMessages":[],"meta":{}},{"ancestorTitles":["chat-image-upload pure functions"],"fullName":"chat-image-upload pure functions scaleToFit keeps small images unchanged","status":"failed","title":"scaleToFit keeps small images unchanged","duration":0.47590000000036525,"failureMessages":["TypeError: __vite_ssr_import_4__.scaleToFit is not a function\n    at C:\\Users\\zyw41\\Downloads\\garlic-claw\\endtest\\web-utils.spec.ts:272:12\n    at file:///C:/Users/zyw41/Downloads/garlic-claw/node_modules/@vitest/runner/dist/index.js:146:14\n    at file:///C:/Users/zyw41/Downloads/garlic-claw/node_modules/@vitest/runner/dist/index.js:533:11\n    at runWithTimeout (file:///C:/Users/zyw41/Downloads/garlic-claw/node_modules/@vitest/runner/dist/index.js:39:7)\n    at runTest (file:///C:/Users/zyw41/Downloads/garlic-claw/node_modules/@vitest/runner/dist/index.js:1056:17)\n    at processTicksAndRejections (node:internal/process/task_queues:103:5)\n    at runSuite (file:///C:/Users/zyw41/Downloads/garlic-claw/node_modules/@vitest/runner/dist/index.js:1205:15)\n    at runSuite (file:///C:/Users/zyw41/Downloads/garlic-claw/node_modules/@vitest/runner/dist/index.js:1205:15)\n    at runFiles (file:///C:/Users/zyw41/Downloads/garlic-claw/node_modules/@vitest/runner/dist/index.js:1262:5)\n    at startTests (file:///C:/Users/zyw41/Downloads/garlic-claw/node_modules/@vitest/runner/dist/index.js:1271:3)"],"meta":{}},{"ancestorTitles":["chat-image-upload pure functions"],"fullName":"chat-image-upload pure functions scaleToFit scales down landscape image","status":"failed","title":"scaleToFit scales down landscape image","duration":0.3863000000001193,"failureMessages":["TypeError: __vite_ssr_import_4__.scaleToFit is not a function\n    at C:\\Users\\zyw41\\Downloads\\garlic-claw\\endtest\\web-utils.spec.ts:276:20\n    at file:///C:/Users/zyw41/Downloads/garlic-claw/node_modules/@vitest/runner/dist/index.js:146:14\n    at file:///C:/Users/zyw41/Downloads/garlic-claw/node_modules/@vitest/runner/dist/index.js:533:11\n    at runWithTimeout (file:///C:/Users/zyw41/Downloads/garlic-claw/node_modules/@vitest/runner/dist/index.js:39:7)\n    at runTest (file:///C:/Users/zyw41/Downloads/garlic-claw/node_modules/@vitest/runner/dist/index.js:1056:17)\n    at processTicksAndRejections (node:internal/process/task_queues:103:5)\n    at runSuite (file:///C:/Users/zyw41/Downloads/garlic-claw/node_modules/@vitest/runner/dist/index.js:1205:15)\n    at runSuite (file:///C:/Users/zyw41/Downloads/garlic-claw/node_modules/@vitest/runner/dist/index.js:1205:15)\n    at runFiles (file:///C:/Users/zyw41/Downloads/garlic-claw/node_modules/@vitest/runner/dist/index.js:1262:5)\n    at startTests (file:///C:/Users/zyw41/Downloads/garlic-claw/node_modules/@vitest/runner/dist/index.js:1271:3)"],"meta":{}},{"ancestorTitles":["chat-image-upload pure functions"],"fullName":"chat-image-upload pure functions scaleToFit scales down portrait image","status":"failed","title":"scaleToFit scales down portrait image","duration":0.48780000000033397,"failureMessages":["TypeError: __vite_ssr_import_4__.scaleToFit is not a function\n    at C:\\Users\\zyw41\\Downloads\\garlic-claw\\endtest\\web-utils.spec.ts:282:20\n    at file:///C:/Users/zyw41/Downloads/garlic-claw/node_modules/@vitest/runner/dist/index.js:146:14\n    at file:///C:/Users/zyw41/Downloads/garlic-claw/node_modules/@vitest/runner/dist/index.js:533:11\n    at runWithTimeout (file:///C:/Users/zyw41/Downloads/garlic-claw/node_modules/@vitest/runner/dist/index.js:39:7)\n    at runTest (file:///C:/Users/zyw41/Downloads/garlic-claw/node_modules/@vitest/runner/dist/index.js:1056:17)\n    at processTicksAndRejections (node:internal/process/task_queues:103:5)\n    at runSuite (file:///C:/Users/zyw41/Downloads/garlic-claw/node_modules/@vitest/runner/dist/index.js:1205:15)\n    at runSuite (file:///C:/Users/zyw41/Downloads/garlic-claw/node_modules/@vitest/runner/dist/index.js:1205:15)\n    at runFiles (file:///C:/Users/zyw41/Downloads/garlic-claw/node_modules/@vitest/runner/dist/index.js:1262:5)\n    at startTests (file:///C:/Users/zyw41/Downloads/garlic-claw/node_modules/@vitest/runner/dist/index.js:1271:3)"],"meta":{}},{"ancestorTitles":["chat-image-upload pure functions"],"fullName":"chat-image-upload pure functions scaleToFit ensures minimum 1 pixel","status":"failed","title":"scaleToFit ensures minimum 1 pixel","duration":0.41780000000017026,"failureMessages":["TypeError: __vite_ssr_import_4__.scaleToFit is not a function\n    at C:\\Users\\zyw41\\Downloads\\garlic-claw\\endtest\\web-utils.spec.ts:288:20\n    at file:///C:/Users/zyw41/Downloads/garlic-claw/node_modules/@vitest/runner/dist/index.js:146:14\n    at file:///C:/Users/zyw41/Downloads/garlic-claw/node_modules/@vitest/runner/dist/index.js:533:11\n    at runWithTimeout (file:///C:/Users/zyw41/Downloads/garlic-claw/node_modules/@vitest/runner/dist/index.js:39:7)\n    at runTest (file:///C:/Users/zyw41/Downloads/garlic-claw/node_modules/@vitest/runner/dist/index.js:1056:17)\n    at processTicksAndRejections (node:internal/process/task_queues:103:5)\n    at runSuite (file:///C:/Users/zyw41/Downloads/garlic-claw/node_modules/@vitest/runner/dist/index.js:1205:15)\n    at runSuite (file:///C:/Users/zyw41/Downloads/garlic-claw/node_modules/@vitest/runner/dist/index.js:1205:15)\n    at runFiles (file:///C:/Users/zyw41/Downloads/garlic-claw/node_modules/@vitest/runner/dist/index.js:1262:5)\n    at startTests (file:///C:/Users/zyw41/Downloads/garlic-claw/node_modules/@vitest/runner/dist/index.js:1271:3)"],"meta":{}},{"ancestorTitles":["chat-image-upload pure functions"],"fullName":"chat-image-upload pure functions scaleToFit handles square images","status":"failed","title":"scaleToFit handles square images","duration":0.276299999999992,"failureMessages":["TypeError: __vite_ssr_import_4__.scaleToFit is not a function\n    at C:\\Users\\zyw41\\Downloads\\garlic-claw\\endtest\\web-utils.spec.ts:294:20\n    at file:///C:/Users/zyw41/Downloads/garlic-claw/node_modules/@vitest/runner/dist/index.js:146:14\n    at file:///C:/Users/zyw41/Downloads/garlic-claw/node_modules/@vitest/runner/dist/index.js:533:11\n    at runWithTimeout (file:///C:/Users/zyw41/Downloads/garlic-claw/node_modules/@vitest/runner/dist/index.js:39:7)\n    at runTest (file:///C:/Users/zyw41/Downloads/garlic-claw/node_modules/@vitest/runner/dist/index.js:1056:17)\n    at processTicksAndRejections (node:internal/process/task_queues:103:5)\n    at runSuite (file:///C:/Users/zyw41/Downloads/garlic-claw/node_modules/@vitest/runner/dist/index.js:1205:15)\n    at runSuite (file:///C:/Users/zyw41/Downloads/garlic-claw/node_modules/@vitest/runner/dist/index.js:1205:15)\n    at runFiles (file:///C:/Users/zyw41/Downloads/garlic-claw/node_modules/@vitest/runner/dist/index.js:1262:5)\n    at startTests (file:///C:/Users/zyw41/Downloads/garlic-claw/node_modules/@vitest/runner/dist/index.js:1271:3)"],"meta":{}}],"startTime":1781324470478,"endTime":1781324470521.2764,"status":"failed","message":"","name":"C:/Users/zyw41/Downloads/garlic-claw/endtest/web-utils.spec.ts"}]}
